<?xml version="1.0" encoding="UTF-8"?>
<!-- Generated by org.testng.reporters.JUnitReportReporter -->
<testsuite hostname="DESKTOP-JHQ1828" failures="0" tests="1" name="driverFactory.AppTest" time="49.312" errors="0" timestamp="2024-02-09T17:37:39 IST" skipped="0">
  <testcase classname="driverFactory.AppTest" name="starttest" time="49.312">
    <system-out>
      <![CDATA[valid username and passworddashboardhttp://webapp.qedgetech.com/dashboard.php
valid username and passworddashboardhttp://webapp.qedgetech.com/dashboard.php
Incorrect user ID or passworddashboardhttp://webapp.qedgetech.com/login.php
valid username and passworddashboardhttp://webapp.qedgetech.com/dashboard.php
Incorrect user ID or passworddashboardhttp://webapp.qedgetech.com/login.php]]>
    </system-out>
  </testcase> <!-- starttest -->
  <system-out>
    <![CDATA[valid username and passworddashboardhttp://webapp.qedgetech.com/dashboard.php
valid username and passworddashboardhttp://webapp.qedgetech.com/dashboard.php
Incorrect user ID or passworddashboardhttp://webapp.qedgetech.com/login.php
valid username and passworddashboardhttp://webapp.qedgetech.com/dashboard.php
Incorrect user ID or passworddashboardhttp://webapp.qedgetech.com/login.php]]>
  </system-out>
</testsuite> <!-- driverFactory.AppTest -->
